[1103/135428:ERROR:process_reader_win.cc(232)] ReadMemory at 0x7188acb0 of 37 bytes failed: 仅完成部分的 ReadProcessMemory 或 WriteProcessMemory 请求。 (0x12B)
[1103/135428:WARNING:pe_image_reader.cc(154)] could not read debug directory from C:\WINDOWS\SYSTEM32\WINSPOOL.DRV
[1103/135428:ERROR:process_reader_win.cc(232)] ReadMemory at 0x71850000 of 64 bytes failed: 仅完成部分的 ReadProcessMemory 或 WriteProcessMemory 请求。 (0x12B)
[1103/135428:WARNING:pe_image_reader.cc(280)] could not read dos header from C:\WINDOWS\SYSTEM32\MPR.dll
[1103/135428:ERROR:process_reader_win.cc(232)] ReadMemory at 0x70ce0000 of 64 bytes failed: 仅完成部分的 ReadProcessMemory 或 WriteProcessMemory 请求。 (0x12B)
[1103/135428:WARNING:pe_image_reader.cc(280)] could not read dos header from C:\Program Files (x86)\Google\Chrome\Application\51.0.2704.106\chrome_elf.dll
[1103/135428:ERROR:process_reader_win.cc(232)] ReadMemory at 0x74250000 of 64 bytes failed: 仅完成部分的 ReadProcessMemory 或 WriteProcessMemory 请求。 (0x12B)
[1103/135428:WARNING:pe_image_reader.cc(280)] could not read dos header from C:\WINDOWS\SYSTEM32\WTSAPI32.dll
[1103/135428:ERROR:process_reader_win.cc(232)] ReadMemory at 0x72380000 of 64 bytes failed: 仅完成部分的 ReadProcessMemory 或 WriteProcessMemory 请求。 (0x12B)
[1103/135428:WARNING:pe_image_reader.cc(280)] could not read dos header from C:\WINDOWS\SYSTEM32\WINHTTP.dll
[1103/135428:ERROR:process_reader_win.cc(232)] ReadMemory at 0x70c90000 of 64 bytes failed: 仅完成部分的 ReadProcessMemory 或 WriteProcessMemory 请求。 (0x12B)
[1103/135428:WARNING:pe_image_reader.cc(280)] could not read dos header from C:\WINDOWS\SYSTEM32\ninput.dll
[1103/135428:ERROR:process_reader_win.cc(232)] ReadMemory at 0x76d70000 of 64 bytes failed: 仅完成部分的 ReadProcessMemory 或 WriteProcessMemory 请求。 (0x12B)
[1103/135428:WARNING:pe_image_reader.cc(280)] could not read dos header from C:\WINDOWS\System32\PSAPI.DLL
[1103/135428:ERROR:process_reader_win.cc(232)] ReadMemory at 0x77670000 of 64 bytes failed: 仅完成部分的 ReadProcessMemory 或 WriteProcessMemory 请求。 (0x12B)
[1103/135428:WARNING:pe_image_reader.cc(280)] could not read dos header from C:\WINDOWS\System32\WS2_32.dll
[1103/135428:ERROR:process_reader_win.cc(232)] ReadMemory at 0x74130000 of 64 bytes failed: 仅完成部分的 ReadProcessMemory 或 WriteProcessMemory 请求。 (0x12B)
[1103/135428:WARNING:pe_image_reader.cc(280)] could not read dos header from C:\WINDOWS\SYSTEM32\NETAPI32.dll
[1103/135428:ERROR:process_reader_win.cc(232)] ReadMemory at 0x73d60000 of 64 bytes failed: 仅完成部分的 ReadProcessMemory 或 WriteProcessMemory 请求。 (0x12B)
[1103/135428:WARNING:pe_image_reader.cc(280)] could not read dos header from C:\WINDOWS\SYSTEM32\NETUTILS.DLL
[1103/135428:ERROR:process_reader_win.cc(232)] ReadMemory at 0x727e0000 of 64 bytes failed: 仅完成部分的 ReadProcessMemory 或 WriteProcessMemory 请求。 (0x12B)
[1103/135428:WARNING:pe_image_reader.cc(280)] could not read dos header from C:\WINDOWS\SYSTEM32\WKSCLI.DLL
[1103/135428:ERROR:process_reader_win.cc(232)] ReadMemory at 0x5f5e0000 of 64 bytes failed: 仅完成部分的 ReadProcessMemory 或 WriteProcessMemory 请求。 (0x12B)
[1103/135428:WARNING:pe_image_reader.cc(280)] could not read dos header from D:\Program Files (x86)\360\360safe\safemon\safemon.dll
[1103/135428:ERROR:process_reader_win.cc(232)] ReadMemory at 0x70c50000 of 64 bytes failed: 仅完成部分的 ReadProcessMemory 或 WriteProcessMemory 请求。 (0x12B)
[1103/135428:WARNING:pe_image_reader.cc(280)] could not read dos header from D:\Program Files (x86)\360\360safe\safemon\iNetSafe.dll
[1103/135428:ERROR:process_reader_win.cc(232)] ReadMemory at 0x713f0000 of 64 bytes failed: 仅完成部分的 ReadProcessMemory 或 WriteProcessMemory 请求。 (0x12B)
[1103/135428:WARNING:pe_image_reader.cc(280)] could not read dos header from C:\WINDOWS\WinSxS\x86_microsoft.windows.common-controls_6595b64144ccf1df_6.0.14393.351_none_89c04962db040fd9\COMCTL32.dll
[1103/135428:ERROR:process_reader_win.cc(232)] ReadMemory at 0x76ba0000 of 64 bytes failed: 仅完成部分的 ReadProcessMemory 或 WriteProcessMemory 请求。 (0x12B)
[1103/135428:WARNING:pe_image_reader.cc(280)] could not read dos header from C:\WINDOWS\System32\COMDLG32.dll
[1103/135428:ERROR:process_reader_win.cc(232)] ReadMemory at 0x74060000 of 64 bytes failed: 仅完成部分的 ReadProcessMemory 或 WriteProcessMemory 请求。 (0x12B)
[1103/135428:WARNING:pe_image_reader.cc(280)] could not read dos header from C:\WINDOWS\SYSTEM32\IPHLPAPI.DLL
[1103/135428:ERROR:process_reader_win.cc(232)] ReadMemory at 0x74600000 of 64 bytes failed: 仅完成部分的 ReadProcessMemory 或 WriteProcessMemory 请求。 (0x12B)
[1103/135428:WARNING:pe_image_reader.cc(280)] could not read dos header from C:\WINDOWS\System32\USP10.dll
[1103/135428:ERROR:process_reader_win.cc(232)] ReadMemory at 0x743e0000 of 64 bytes failed: 仅完成部分的 ReadProcessMemory 或 WriteProcessMemory 请求。 (0x12B)
[1103/135428:WARNING:pe_image_reader.cc(280)] could not read dos header from C:\WINDOWS\System32\MSASN1.dll
[1103/135428:ERROR:process_reader_win.cc(232)] ReadMemory at 0x76d80000 of 64 bytes failed: 仅完成部分的 ReadProcessMemory 或 WriteProcessMemory 请求。 (0x12B)
[1103/135428:WARNING:pe_image_reader.cc(280)] could not read dos header from C:\WINDOWS\System32\CRYPT32.dll
[1103/135428:ERROR:process_reader_win.cc(232)] ReadMemory at 0x749c0000 of 64 bytes failed: 仅完成部分的 ReadProcessMemory 或 WriteProcessMemory 请求。 (0x12B)
[1103/135428:WARNING:pe_image_reader.cc(280)] could not read dos header from C:\WINDOWS\System32\WINTRUST.dll
[1103/135428:ERROR:process_reader_win.cc(232)] ReadMemory at 0x73d10000 of 64 bytes failed: 仅完成部分的 ReadProcessMemory 或 WriteProcessMemory 请求。 (0x12B)
[1103/135428:WARNING:pe_image_reader.cc(280)] could not read dos header from C:\WINDOWS\SYSTEM32\Secur32.dll
[1103/135428:ERROR:process_reader_win.cc(232)] ReadMemory at 0x5c4f0000 of 64 bytes failed: 仅完成部分的 ReadProcessMemory 或 WriteProcessMemory 请求。 (0x12B)
[1103/135428:WARNING:pe_image_reader.cc(280)] could not read dos header from C:\Program Files (x86)\Google\Chrome\Application\51.0.2704.106\chrome_child.dll
[1103/135428:ERROR:process_reader_win.cc(232)] ReadMemory at 0x70a10000 of 64 bytes failed: 仅完成部分的 ReadProcessMemory 或 WriteProcessMemory 请求。 (0x12B)
[1103/135428:WARNING:pe_image_reader.cc(280)] could not read dos header from C:\WINDOWS\SYSTEM32\dwrite.dll
[1103/135428:ERROR:process_reader_win.cc(232)] ReadMemory at 0x778fec20 of 5888 bytes failed: 仅完成部分的 ReadProcessMemory 或 WriteProcessMemory 请求。 (0x12B)
[1103/135428:ERROR:process_reader_win.cc(232)] ReadMemory at 0xf40000 of 64 bytes failed: 仅完成部分的 ReadProcessMemory 或 WriteProcessMemory 请求。 (0x12B)
[1103/135428:WARNING:pe_image_reader.cc(280)] could not read dos header from C:\Program Files (x86)\Google\Chrome\Application\chrome.exe
[1103/135428:ERROR:process_reader_win.cc(232)] ReadMemory at 0x763f0000 of 64 bytes failed: 仅完成部分的 ReadProcessMemory 或 WriteProcessMemory 请求。 (0x12B)
[1103/135428:WARNING:pe_image_reader.cc(280)] could not read dos header from C:\WINDOWS\System32\KERNELBASE.dll
[1103/135428:ERROR:process_reader_win.cc(232)] ReadMemory at 0x76630000 of 64 bytes failed: 仅完成部分的 ReadProcessMemory 或 WriteProcessMemory 请求。 (0x12B)
[1103/135428:WARNING:pe_image_reader.cc(280)] could not read dos header from C:\WINDOWS\System32\KERNEL32.DLL
[1103/135428:ERROR:process_reader_win.cc(232)] ReadMemory at 0x70d30000 of 64 bytes failed: 仅完成部分的 ReadProcessMemory 或 WriteProcessMemory 请求。 (0x12B)
[1103/135428:WARNING:pe_image_reader.cc(280)] could not read dos header from C:\WINDOWS\AppPatch\AcGenral.dll
[1103/135428:ERROR:process_reader_win.cc(232)] ReadMemory at 0x777f0000 of 64 bytes failed: 仅完成部分的 ReadProcessMemory 或 WriteProcessMemory 请求。 (0x12B)
[1103/135428:WARNING:pe_image_reader.cc(280)] could not read dos header from C:\WINDOWS\SYSTEM32\ntdll.dll
[1103/135428:ERROR:process_reader_win.cc(232)] ReadMemory at 0x71f60000 of 64 bytes failed: 仅完成部分的 ReadProcessMemory 或 WriteProcessMemory 请求。 (0x12B)
[1103/135428:WARNING:pe_image_reader.cc(280)] could not read dos header from C:\WINDOWS\system32\apphelp.dll
[1103/135428:ERROR:process_reader_win.cc(232)] ReadMemory at 0x746f0000 of 64 bytes failed: 仅完成部分的 ReadProcessMemory 或 WriteProcessMemory 请求。 (0x12B)
[1103/135428:WARNING:pe_image_reader.cc(280)] could not read dos header from C:\WINDOWS\System32\msvcrt.dll
[1103/135428:ERROR:process_reader_win.cc(232)] ReadMemory at 0x775f0000 of 64 bytes failed: 仅完成部分的 ReadProcessMemory 或 WriteProcessMemory 请求。 (0x12B)
[1103/135428:WARNING:pe_image_reader.cc(280)] could not read dos header from C:\WINDOWS\System32\bcryptPrimitives.dll
[1103/135428:ERROR:process_reader_win.cc(232)] ReadMemory at 0x74280000 of 64 bytes failed: 仅完成部分的 ReadProcessMemory 或 WriteProcessMemory 请求。 (0x12B)
[1103/135428:WARNING:pe_image_reader.cc(280)] could not read dos header from C:\WINDOWS\System32\CRYPTBASE.dll
[1103/135428:ERROR:process_reader_win.cc(232)] ReadMemory at 0x74290000 of 64 bytes failed: 仅完成部分的 ReadProcessMemory 或 WriteProcessMemory 请求。 (0x12B)
[1103/135428:WARNING:pe_image_reader.cc(280)] could not read dos header from C:\WINDOWS\System32\SspiCli.dll
[1103/135428:ERROR:process_reader_win.cc(232)] ReadMemory at 0x74620000 of 64 bytes failed: 仅完成部分的 ReadProcessMemory 或 WriteProcessMemory 请求。 (0x12B)
[1103/135428:WARNING:pe_image_reader.cc(280)] could not read dos header from C:\WINDOWS\System32\RPCRT4.dll
[1103/135428:ERROR:process_reader_win.cc(232)] ReadMemory at 0x745b0000 of 64 bytes failed: 仅完成部分的 ReadProcessMemory 或 WriteProcessMemory 请求。 (0x12B)
[1103/135428:WARNING:pe_image_reader.cc(280)] could not read dos header from C:\WINDOWS\System32\sechost.dll
[1103/135428:ERROR:process_reader_win.cc(232)] ReadMemory at 0x76c90000 of 64 bytes failed: 仅完成部分的 ReadProcessMemory 或 WriteProcessMemory 请求。 (0x12B)
[1103/135428:WARNING:pe_image_reader.cc(280)] could not read dos header from C:\WINDOWS\System32\ucrtbase.dll
[1103/135428:ERROR:process_reader_win.cc(232)] ReadMemory at 0x768a0000 of 64 bytes failed: 仅完成部分的 ReadProcessMemory 或 WriteProcessMemory 请求。 (0x12B)
[1103/135428:WARNING:pe_image_reader.cc(280)] could not read dos header from C:\WINDOWS\System32\combase.dll
[1103/135428:ERROR:process_reader_win.cc(232)] ReadMemory at 0x749a0000 of 64 bytes failed: 仅完成部分的 ReadProcessMemory 或 WriteProcessMemory 请求。 (0x12B)
[1103/135428:WARNING:pe_image_reader.cc(280)] could not read dos header from C:\WINDOWS\System32\win32u.dll
[1103/135428:ERROR:process_reader_win.cc(232)] ReadMemory at 0x74450000 of 64 bytes failed: 仅完成部分的 ReadProcessMemory 或 WriteProcessMemory 请求。 (0x12B)
[1103/135428:WARNING:pe_image_reader.cc(280)] could not read dos header from C:\WINDOWS\System32\USER32.dll
[1103/135428:ERROR:process_reader_win.cc(232)] ReadMemory at 0x76280000 of 64 bytes failed: 仅完成部分的 ReadProcessMemory 或 WriteProcessMemory 请求。 (0x12B)
[1103/135428:WARNING:pe_image_reader.cc(280)] could not read dos header from C:\WINDOWS\System32\gdi32full.dll
[1103/135428:ERROR:process_reader_win.cc(232)] ReadMemory at 0x747b0000 of 64 bytes failed: 仅完成部分的 ReadProcessMemory 或 WriteProcessMemory 请求。 (0x12B)
[1103/135428:WARNING:pe_image_reader.cc(280)] could not read dos header from C:\WINDOWS\System32\GDI32.dll
[1103/135428:ERROR:process_reader_win.cc(232)] ReadMemory at 0x74850000 of 64 bytes failed: 仅完成部分的 ReadProcessMemory 或 WriteProcessMemory 请求。 (0x12B)
[1103/135428:WARNING:pe_image_reader.cc(280)] could not read dos header from C:\WINDOWS\System32\IMM32.DLL
[1103/135428:ERROR:process_reader_win.cc(232)] ReadMemory at 0x76ac0000 of 64 bytes failed: 仅完成部分的 ReadProcessMemory 或 WriteProcessMemory 请求。 (0x12B)
[1103/135428:WARNING:pe_image_reader.cc(280)] could not read dos header from C:\WINDOWS\System32\SHLWAPI.dll
[1103/135428:ERROR:process_reader_win.cc(232)] ReadMemory at 0x706f0000 of 64 bytes failed: 仅完成部分的 ReadProcessMemory 或 WriteProcessMemory 请求。 (0x12B)
[1103/135428:WARNING:pe_image_reader.cc(280)] could not read dos header from C:\WINDOWS\SYSTEM32\UxTheme.dll
[1103/135428:ERROR:process_reader_win.cc(232)] ReadMemory at 0x742b0000 of 64 bytes failed: 仅完成部分的 ReadProcessMemory 或 WriteProcessMemory 请求。 (0x12B)
[1103/135428:WARNING:pe_image_reader.cc(280)] could not read dos header from C:\WINDOWS\System32\cfgmgr32.dll
[1103/135428:ERROR:process_reader_win.cc(232)] ReadMemory at 0x73e30000 of 64 bytes failed: 仅完成部分的 ReadProcessMemory 或 WriteProcessMemory 请求。 (0x12B)
[1103/135428:WARNING:pe_image_reader.cc(280)] could not read dos header from C:\WINDOWS\SYSTEM32\WINMMBASE.dll
[1103/135428:ERROR:process_reader_win.cc(232)] ReadMemory at 0x73e60000 of 64 bytes failed: 仅完成部分的 ReadProcessMemory 或 WriteProcessMemory 请求。 (0x12B)
[1103/135428:WARNING:pe_image_reader.cc(280)] could not read dos header from C:\WINDOWS\SYSTEM32\WINMM.dll
[1103/135428:ERROR:process_reader_win.cc(232)] ReadMemory at 0x73cf0000 of 64 bytes failed: 仅完成部分的 ReadProcessMemory 或 WriteProcessMemory 请求。 (0x12B)
[1103/135428:WARNING:pe_image_reader.cc(280)] could not read dos header from C:\WINDOWS\SYSTEM32\samcli.dll
[1103/135428:ERROR:process_reader_win.cc(232)] ReadMemory at 0x742f0000 of 64 bytes failed: 仅完成部分的 ReadProcessMemory 或 WriteProcessMemory 请求。 (0x12B)
[1103/135428:WARNING:pe_image_reader.cc(280)] could not read dos header from C:\WINDOWS\System32\ole32.dll
[1103/135428:ERROR:process_reader_win.cc(232)] ReadMemory at 0x74a10000 of 64 bytes failed: 仅完成部分的 ReadProcessMemory 或 WriteProcessMemory 请求。 (0x12B)
[1103/135428:WARNING:pe_image_reader.cc(280)] could not read dos header from C:\WINDOWS\System32\msvcp_win.dll
[1103/135428:ERROR:process_reader_win.cc(232)] ReadMemory at 0x74880000 of 64 bytes failed: 仅完成部分的 ReadProcessMemory 或 WriteProcessMemory 请求。 (0x12B)
[1103/135428:WARNING:pe_image_reader.cc(280)] could not read dos header from C:\WINDOWS\System32\OLEAUT32.dll
[1103/135428:ERROR:process_reader_win.cc(232)] ReadMemory at 0x74920000 of 64 bytes failed: 仅完成部分的 ReadProcessMemory 或 WriteProcessMemory 请求。 (0x12B)
[1103/135428:WARNING:pe_image_reader.cc(280)] could not read dos header from C:\WINDOWS\System32\advapi32.dll
[1103/135428:ERROR:process_reader_win.cc(232)] ReadMemory at 0x70d10000 of 64 bytes failed: 仅完成部分的 ReadProcessMemory 或 WriteProcessMemory 请求。 (0x12B)
[1103/135428:WARNING:pe_image_reader.cc(280)] could not read dos header from C:\WINDOWS\SYSTEM32\MSACM32.dll
[1103/135428:ERROR:process_reader_win.cc(232)] ReadMemory at 0x74240000 of 64 bytes failed: 仅完成部分的 ReadProcessMemory 或 WriteProcessMemory 请求。 (0x12B)
[1103/135428:WARNING:pe_image_reader.cc(280)] could not read dos header from C:\WINDOWS\SYSTEM32\VERSION.dll
[1103/135428:ERROR:process_reader_win.cc(232)] ReadMemory at 0x76710000 of 64 bytes failed: 仅完成部分的 ReadProcessMemory 或 WriteProcessMemory 请求。 (0x12B)
[1103/135428:WARNING:pe_image_reader.cc(280)] could not read dos header from C:\WINDOWS\System32\powrprof.dll
[1103/135428:ERROR:process_reader_win.cc(232)] ReadMemory at 0x763e0000 of 64 bytes failed: 仅完成部分的 ReadProcessMemory 或 WriteProcessMemory 请求。 (0x12B)
[1103/135428:WARNING:pe_image_reader.cc(280)] could not read dos header from C:\WINDOWS\System32\kernel.appcore.dll
[1103/135428:ERROR:process_reader_win.cc(232)] ReadMemory at 0x76b10000 of 64 bytes failed: 仅完成部分的 ReadProcessMemory 或 WriteProcessMemory 请求。 (0x12B)
[1103/135428:WARNING:pe_image_reader.cc(280)] could not read dos header from C:\WINDOWS\System32\shcore.dll
[1103/135428:ERROR:process_reader_win.cc(232)] ReadMemory at 0x74840000 of 64 bytes failed: 仅完成部分的 ReadProcessMemory 或 WriteProcessMemory 请求。 (0x12B)
[1103/135428:WARNING:pe_image_reader.cc(280)] could not read dos header from C:\WINDOWS\System32\profapi.dll
[1103/135428:ERROR:process_reader_win.cc(232)] ReadMemory at 0x77080000 of 64 bytes failed: 仅完成部分的 ReadProcessMemory 或 WriteProcessMemory 请求。 (0x12B)
[1103/135428:WARNING:pe_image_reader.cc(280)] could not read dos header from C:\WINDOWS\System32\windows.storage.dll
[1103/135428:ERROR:process_reader_win.cc(232)] ReadMemory at 0x74ea0000 of 64 bytes failed: 仅完成部分的 ReadProcessMemory 或 WriteProcessMemory 请求。 (0x12B)
[1103/135428:WARNING:pe_image_reader.cc(280)] could not read dos header from C:\WINDOWS\System32\SHELL32.dll
[1103/135428:ERROR:process_reader_win.cc(232)] ReadMemory at 0x74260000 of 64 bytes failed: 仅完成部分的 ReadProcessMemory 或 WriteProcessMemory 请求。 (0x12B)
[1103/135428:WARNING:pe_image_reader.cc(280)] could not read dos header from C:\WINDOWS\SYSTEM32\USERENV.dll
[1103/135428:ERROR:process_reader_win.cc(232)] ReadMemory at 0x6e1f0000 of 64 bytes failed: 仅完成部分的 ReadProcessMemory 或 WriteProcessMemory 请求。 (0x12B)
[1103/135428:WARNING:pe_image_reader.cc(280)] could not read dos header from C:\WINDOWS\SYSTEM32\dwmapi.dll
[1103/135428:ERROR:process_reader_win.cc(232)] ReadMemory at 0x72470000 of 64 bytes failed: 仅完成部分的 ReadProcessMemory 或 WriteProcessMemory 请求。 (0x12B)
[1103/135428:WARNING:pe_image_reader.cc(280)] could not read dos header from C:\WINDOWS\SYSTEM32\iertutil.dll
[1103/135428:ERROR:process_reader_win.cc(232)] ReadMemory at 0x70fd0000 of 64 bytes failed: 仅完成部分的 ReadProcessMemory 或 WriteProcessMemory 请求。 (0x12B)
[1103/135428:WARNING:pe_image_reader.cc(280)] could not read dos header from C:\WINDOWS\SYSTEM32\urlmon.dll
[1103/135428:ERROR:process_reader_win.cc(232)] ReadMemory at 0x727c0000 of 64 bytes failed: 仅完成部分的 ReadProcessMemory 或 WriteProcessMemory 请求。 (0x12B)
[1103/135428:WARNING:pe_image_reader.cc(280)] could not read dos header from C:\WINDOWS\SYSTEM32\bcrypt.dll
[1103/135428:ERROR:process_reader_win.cc(232)] ReadMemory at 0x71880000 of 64 bytes failed: 仅完成部分的 ReadProcessMemory 或 WriteProcessMemory 请求。 (0x12B)
[1103/135428:WARNING:pe_image_reader.cc(280)] could not read dos header from C:\WINDOWS\SYSTEM32\WINSPOOL.DRV
[1103/135428:ERROR:process_reader_win.cc(232)] ReadMemory at 0x71850000 of 64 bytes failed: 仅完成部分的 ReadProcessMemory 或 WriteProcessMemory 请求。 (0x12B)
[1103/135428:WARNING:pe_image_reader.cc(280)] could not read dos header from C:\WINDOWS\SYSTEM32\MPR.dll
[1103/135428:ERROR:process_reader_win.cc(232)] ReadMemory at 0x70ce0000 of 64 bytes failed: 仅完成部分的 ReadProcessMemory 或 WriteProcessMemory 请求。 (0x12B)
[1103/135428:WARNING:pe_image_reader.cc(280)] could not read dos header from C:\Program Files (x86)\Google\Chrome\Application\51.0.2704.106\chrome_elf.dll
[1103/135428:ERROR:process_reader_win.cc(232)] ReadMemory at 0x74250000 of 64 bytes failed: 仅完成部分的 ReadProcessMemory 或 WriteProcessMemory 请求。 (0x12B)
[1103/135428:WARNING:pe_image_reader.cc(280)] could not read dos header from C:\WINDOWS\SYSTEM32\WTSAPI32.dll
[1103/135428:ERROR:process_reader_win.cc(232)] ReadMemory at 0x72380000 of 64 bytes failed: 仅完成部分的 ReadProcessMemory 或 WriteProcessMemory 请求。 (0x12B)
[1103/135428:WARNING:pe_image_reader.cc(280)] could not read dos header from C:\WINDOWS\SYSTEM32\WINHTTP.dll
[1103/135428:ERROR:process_reader_win.cc(232)] ReadMemory at 0x70c90000 of 64 bytes failed: 仅完成部分的 ReadProcessMemory 或 WriteProcessMemory 请求。 (0x12B)
[1103/135428:WARNING:pe_image_reader.cc(280)] could not read dos header from C:\WINDOWS\SYSTEM32\ninput.dll
[1103/135428:ERROR:process_reader_win.cc(232)] ReadMemory at 0x76d70000 of 64 bytes failed: 仅完成部分的 ReadProcessMemory 或 WriteProcessMemory 请求。 (0x12B)
[1103/135428:WARNING:pe_image_reader.cc(280)] could not read dos header from C:\WINDOWS\System32\PSAPI.DLL
[1103/135428:ERROR:process_reader_win.cc(232)] ReadMemory at 0x77670000 of 64 bytes failed: 仅完成部分的 ReadProcessMemory 或 WriteProcessMemory 请求。 (0x12B)
[1103/135428:WARNING:pe_image_reader.cc(280)] could not read dos header from C:\WINDOWS\System32\WS2_32.dll
[1103/135428:ERROR:process_reader_win.cc(232)] ReadMemory at 0x74130000 of 64 bytes failed: 仅完成部分的 ReadProcessMemory 或 WriteProcessMemory 请求。 (0x12B)
[1103/135428:WARNING:pe_image_reader.cc(280)] could not read dos header from C:\WINDOWS\SYSTEM32\NETAPI32.dll
[1103/135428:ERROR:process_reader_win.cc(232)] ReadMemory at 0x73d60000 of 64 bytes failed: 仅完成部分的 ReadProcessMemory 或 WriteProcessMemory 请求。 (0x12B)
[1103/135428:WARNING:pe_image_reader.cc(280)] could not read dos header from C:\WINDOWS\SYSTEM32\NETUTILS.DLL
[1103/135428:ERROR:process_reader_win.cc(232)] ReadMemory at 0x727e0000 of 64 bytes failed: 仅完成部分的 ReadProcessMemory 或 WriteProcessMemory 请求。 (0x12B)
[1103/135428:WARNING:pe_image_reader.cc(280)] could not read dos header from C:\WINDOWS\SYSTEM32\WKSCLI.DLL
[1103/135428:ERROR:process_reader_win.cc(232)] ReadMemory at 0x5f5e0000 of 64 bytes failed: 仅完成部分的 ReadProcessMemory 或 WriteProcessMemory 请求。 (0x12B)
[1103/135428:WARNING:pe_image_reader.cc(280)] could not read dos header from D:\Program Files (x86)\360\360safe\safemon\safemon.dll
[1103/135428:ERROR:process_reader_win.cc(232)] ReadMemory at 0x70c50000 of 64 bytes failed: 仅完成部分的 ReadProcessMemory 或 WriteProcessMemory 请求。 (0x12B)
[1103/135428:WARNING:pe_image_reader.cc(280)] could not read dos header from D:\Program Files (x86)\360\360safe\safemon\iNetSafe.dll
[1103/135428:ERROR:process_reader_win.cc(232)] ReadMemory at 0x713f0000 of 64 bytes failed: 仅完成部分的 ReadProcessMemory 或 WriteProcessMemory 请求。 (0x12B)
[1103/135428:WARNING:pe_image_reader.cc(280)] could not read dos header from C:\WINDOWS\WinSxS\x86_microsoft.windows.common-controls_6595b64144ccf1df_6.0.14393.351_none_89c04962db040fd9\COMCTL32.dll
[1103/135428:ERROR:process_reader_win.cc(232)] ReadMemory at 0x76ba0000 of 64 bytes failed: 仅完成部分的 ReadProcessMemory 或 WriteProcessMemory 请求。 (0x12B)
[1103/135428:WARNING:pe_image_reader.cc(280)] could not read dos header from C:\WINDOWS\System32\COMDLG32.dll
[1103/135428:ERROR:process_reader_win.cc(232)] ReadMemory at 0x74060000 of 64 bytes failed: 仅完成部分的 ReadProcessMemory 或 WriteProcessMemory 请求。 (0x12B)
[1103/135428:WARNING:pe_image_reader.cc(280)] could not read dos header from C:\WINDOWS\SYSTEM32\IPHLPAPI.DLL
[1103/135428:ERROR:process_reader_win.cc(232)] ReadMemory at 0x74600000 of 64 bytes failed: 仅完成部分的 ReadProcessMemory 或 WriteProcessMemory 请求。 (0x12B)
[1103/135428:WARNING:pe_image_reader.cc(280)] could not read dos header from C:\WINDOWS\System32\USP10.dll
[1103/135428:ERROR:process_reader_win.cc(232)] ReadMemory at 0x743e0000 of 64 bytes failed: 仅完成部分的 ReadProcessMemory 或 WriteProcessMemory 请求。 (0x12B)
[1103/135428:WARNING:pe_image_reader.cc(280)] could not read dos header from C:\WINDOWS\System32\MSASN1.dll
[1103/135428:ERROR:process_reader_win.cc(232)] ReadMemory at 0x76d80000 of 64 bytes failed: 仅完成部分的 ReadProcessMemory 或 WriteProcessMemory 请求。 (0x12B)
[1103/135428:WARNING:pe_image_reader.cc(280)] could not read dos header from C:\WINDOWS\System32\CRYPT32.dll
[1103/135428:ERROR:process_reader_win.cc(232)] ReadMemory at 0x749c0000 of 64 bytes failed: 仅完成部分的 ReadProcessMemory 或 WriteProcessMemory 请求。 (0x12B)
[1103/135428:WARNING:pe_image_reader.cc(280)] could not read dos header from C:\WINDOWS\System32\WINTRUST.dll
[1103/135428:ERROR:process_reader_win.cc(232)] ReadMemory at 0x73d10000 of 64 bytes failed: 仅完成部分的 ReadProcessMemory 或 WriteProcessMemory 请求。 (0x12B)
[1103/135428:WARNING:pe_image_reader.cc(280)] could not read dos header from C:\WINDOWS\SYSTEM32\Secur32.dll
[1103/135428:ERROR:process_reader_win.cc(232)] ReadMemory at 0x5c4f0000 of 64 bytes failed: 仅完成部分的 ReadProcessMemory 或 WriteProcessMemory 请求。 (0x12B)
[1103/135428:WARNING:pe_image_reader.cc(280)] could not read dos header from C:\Program Files (x86)\Google\Chrome\Application\51.0.2704.106\chrome_child.dll
[1103/135428:ERROR:process_reader_win.cc(232)] ReadMemory at 0x70a10000 of 64 bytes failed: 仅完成部分的 ReadProcessMemory 或 WriteProcessMemory 请求。 (0x12B)
[1103/135428:WARNING:pe_image_reader.cc(280)] could not read dos header from C:\WINDOWS\SYSTEM32\dwrite.dll
[1103/135428:ERROR:process_reader_win.cc(98)] process 8064 not found
[1103/135428:ERROR:process_reader_win.cc(232)] ReadMemory at 0xf40000 of 64 bytes failed: 仅完成部分的 ReadProcessMemory 或 WriteProcessMemory 请求。 (0x12B)
[1103/135428:WARNING:pe_image_reader.cc(280)] could not read dos header from C:\Program Files (x86)\Google\Chrome\Application\chrome.exe
[1103/135428:ERROR:process_reader_win.cc(232)] ReadMemory at 0x763f0000 of 64 bytes failed: 仅完成部分的 ReadProcessMemory 或 WriteProcessMemory 请求。 (0x12B)
[1103/135428:WARNING:pe_image_reader.cc(280)] could not read dos header from C:\WINDOWS\System32\KERNELBASE.dll
[1103/135428:ERROR:process_reader_win.cc(232)] ReadMemory at 0x76630000 of 64 bytes failed: 仅完成部分的 ReadProcessMemory 或 WriteProcessMemory 请求。 (0x12B)
[1103/135428:WARNING:pe_image_reader.cc(280)] could not read dos header from C:\WINDOWS\System32\KERNEL32.DLL
[1103/135428:ERROR:process_reader_win.cc(232)] ReadMemory at 0x70d30000 of 64 bytes failed: 仅完成部分的 ReadProcessMemory 或 WriteProcessMemory 请求。 (0x12B)
[1103/135428:WARNING:pe_image_reader.cc(280)] could not read dos header from C:\WINDOWS\AppPatch\AcGenral.dll
[1103/135428:ERROR:process_reader_win.cc(232)] ReadMemory at 0x777f0000 of 64 bytes failed: 仅完成部分的 ReadProcessMemory 或 WriteProcessMemory 请求。 (0x12B)
[1103/135428:WARNING:pe_image_reader.cc(280)] could not read dos header from C:\WINDOWS\SYSTEM32\ntdll.dll
[1103/135428:ERROR:process_reader_win.cc(232)] ReadMemory at 0x71f60000 of 64 bytes failed: 仅完成部分的 ReadProcessMemory 或 WriteProcessMemory 请求。 (0x12B)
[1103/135428:WARNING:pe_image_reader.cc(280)] could not read dos header from C:\WINDOWS\system32\apphelp.dll
[1103/135428:ERROR:process_reader_win.cc(232)] ReadMemory at 0x746f0000 of 64 bytes failed: 仅完成部分的 ReadProcessMemory 或 WriteProcessMemory 请求。 (0x12B)
[1103/135428:WARNING:pe_image_reader.cc(280)] could not read dos header from C:\WINDOWS\System32\msvcrt.dll
[1103/135428:ERROR:process_reader_win.cc(232)] ReadMemory at 0x775f0000 of 64 bytes failed: 仅完成部分的 ReadProcessMemory 或 WriteProcessMemory 请求。 (0x12B)
[1103/135428:WARNING:pe_image_reader.cc(280)] could not read dos header from C:\WINDOWS\System32\bcryptPrimitives.dll
[1103/135428:ERROR:process_reader_win.cc(232)] ReadMemory at 0x74280000 of 64 bytes failed: 仅完成部分的 ReadProcessMemory 或 WriteProcessMemory 请求。 (0x12B)
[1103/135428:WARNING:pe_image_reader.cc(280)] could not read dos header from C:\WINDOWS\System32\CRYPTBASE.dll
[1103/135428:ERROR:process_reader_win.cc(232)] ReadMemory at 0x74290000 of 64 bytes failed: 仅完成部分的 ReadProcessMemory 或 WriteProcessMemory 请求。 (0x12B)
[1103/135428:WARNING:pe_image_reader.cc(280)] could not read dos header from C:\WINDOWS\System32\SspiCli.dll
[1103/135428:ERROR:process_reader_win.cc(232)] ReadMemory at 0x74620000 of 64 bytes failed: 仅完成部分的 ReadProcessMemory 或 WriteProcessMemory 请求。 (0x12B)
[1103/135428:WARNING:pe_image_reader.cc(280)] could not read dos header from C:\WINDOWS\System32\RPCRT4.dll
[1103/135428:ERROR:process_reader_win.cc(232)] ReadMemory at 0x745b0000 of 64 bytes failed: 仅完成部分的 ReadProcessMemory 或 WriteProcessMemory 请求。 (0x12B)
[1103/135428:WARNING:pe_image_reader.cc(280)] could not read dos header from C:\WINDOWS\System32\sechost.dll
[1103/135428:ERROR:process_reader_win.cc(232)] ReadMemory at 0x76c90000 of 64 bytes failed: 仅完成部分的 ReadProcessMemory 或 WriteProcessMemory 请求。 (0x12B)
[1103/135428:WARNING:pe_image_reader.cc(280)] could not read dos header from C:\WINDOWS\System32\ucrtbase.dll
[1103/135428:ERROR:process_reader_win.cc(232)] ReadMemory at 0x768a0000 of 64 bytes failed: 仅完成部分的 ReadProcessMemory 或 WriteProcessMemory 请求。 (0x12B)
[1103/135428:WARNING:pe_image_reader.cc(280)] could not read dos header from C:\WINDOWS\System32\combase.dll
[1103/135428:ERROR:process_reader_win.cc(232)] ReadMemory at 0x749a0000 of 64 bytes failed: 仅完成部分的 ReadProcessMemory 或 WriteProcessMemory 请求。 (0x12B)
[1103/135428:WARNING:pe_image_reader.cc(280)] could not read dos header from C:\WINDOWS\System32\win32u.dll
[1103/135428:ERROR:process_reader_win.cc(232)] ReadMemory at 0x74450000 of 64 bytes failed: 仅完成部分的 ReadProcessMemory 或 WriteProcessMemory 请求。 (0x12B)
[1103/135428:WARNING:pe_image_reader.cc(280)] could not read dos header from C:\WINDOWS\System32\USER32.dll
[1103/135428:ERROR:process_reader_win.cc(232)] ReadMemory at 0x76280000 of 64 bytes failed: 仅完成部分的 ReadProcessMemory 或 WriteProcessMemory 请求。 (0x12B)
[1103/135428:WARNING:pe_image_reader.cc(280)] could not read dos header from C:\WINDOWS\System32\gdi32full.dll
[1103/135428:ERROR:process_reader_win.cc(232)] ReadMemory at 0x747b0000 of 64 bytes failed: 仅完成部分的 ReadProcessMemory 或 WriteProcessMemory 请求。 (0x12B)
[1103/135428:WARNING:pe_image_reader.cc(280)] could not read dos header from C:\WINDOWS\System32\GDI32.dll
[1103/135428:ERROR:process_reader_win.cc(232)] ReadMemory at 0x74850000 of 64 bytes failed: 仅完成部分的 ReadProcessMemory 或 WriteProcessMemory 请求。 (0x12B)
[1103/135428:WARNING:pe_image_reader.cc(280)] could not read dos header from C:\WINDOWS\System32\IMM32.DLL
[1103/135428:ERROR:process_reader_win.cc(232)] ReadMemory at 0x76ac0000 of 64 bytes failed: 仅完成部分的 ReadProcessMemory 或 WriteProcessMemory 请求。 (0x12B)
[1103/135428:WARNING:pe_image_reader.cc(280)] could not read dos header from C:\WINDOWS\System32\SHLWAPI.dll
[1103/135428:ERROR:process_reader_win.cc(232)] ReadMemory at 0x706f0000 of 64 bytes failed: 仅完成部分的 ReadProcessMemory 或 WriteProcessMemory 请求。 (0x12B)
[1103/135428:WARNING:pe_image_reader.cc(280)] could not read dos header from C:\WINDOWS\SYSTEM32\UxTheme.dll
[1103/135428:ERROR:process_reader_win.cc(232)] ReadMemory at 0x742b0000 of 64 bytes failed: 仅完成部分的 ReadProcessMemory 或 WriteProcessMemory 请求。 (0x12B)
[1103/135428:WARNING:pe_image_reader.cc(280)] could not read dos header from C:\WINDOWS\System32\cfgmgr32.dll
[1103/135428:ERROR:process_reader_win.cc(232)] ReadMemory at 0x73e30000 of 64 bytes failed: 仅完成部分的 ReadProcessMemory 或 WriteProcessMemory 请求。 (0x12B)
[1103/135428:WARNING:pe_image_reader.cc(280)] could not read dos header from C:\WINDOWS\SYSTEM32\WINMMBASE.dll
[1103/135428:ERROR:process_reader_win.cc(232)] ReadMemory at 0x73e60000 of 64 bytes failed: 仅完成部分的 ReadProcessMemory 或 WriteProcessMemory 请求。 (0x12B)
[1103/135428:WARNING:pe_image_reader.cc(280)] could not read dos header from C:\WINDOWS\SYSTEM32\WINMM.dll
[1103/135428:ERROR:process_reader_win.cc(232)] ReadMemory at 0x73cf0000 of 64 bytes failed: 仅完成部分的 ReadProcessMemory 或 WriteProcessMemory 请求。 (0x12B)
[1103/135428:WARNING:pe_image_reader.cc(280)] could not read dos header from C:\WINDOWS\SYSTEM32\samcli.dll
[1103/135428:ERROR:process_reader_win.cc(232)] ReadMemory at 0x742f0000 of 64 bytes failed: 仅完成部分的 ReadProcessMemory 或 WriteProcessMemory 请求。 (0x12B)
[1103/135428:WARNING:pe_image_reader.cc(280)] could not read dos header from C:\WINDOWS\System32\ole32.dll
[1103/135428:ERROR:process_reader_win.cc(232)] ReadMemory at 0x74a10000 of 64 bytes failed: 仅完成部分的 ReadProcessMemory 或 WriteProcessMemory 请求。 (0x12B)
[1103/135428:WARNING:pe_image_reader.cc(280)] could not read dos header from C:\WINDOWS\System32\msvcp_win.dll
[1103/135428:ERROR:process_reader_win.cc(232)] ReadMemory at 0x74880000 of 64 bytes failed: 仅完成部分的 ReadProcessMemory 或 WriteProcessMemory 请求。 (0x12B)
[1103/135428:WARNING:pe_image_reader.cc(280)] could not read dos header from C:\WINDOWS\System32\OLEAUT32.dll
[1103/135428:ERROR:process_reader_win.cc(232)] ReadMemory at 0x74920000 of 64 bytes failed: 仅完成部分的 ReadProcessMemory 或 WriteProcessMemory 请求。 (0x12B)
[1103/135428:WARNING:pe_image_reader.cc(280)] could not read dos header from C:\WINDOWS\System32\advapi32.dll
[1103/135428:ERROR:process_reader_win.cc(232)] ReadMemory at 0x70d10000 of 64 bytes failed: 仅完成部分的 ReadProcessMemory 或 WriteProcessMemory 请求。 (0x12B)
[1103/135428:WARNING:pe_image_reader.cc(280)] could not read dos header from C:\WINDOWS\SYSTEM32\MSACM32.dll
[1103/135428:ERROR:process_reader_win.cc(232)] ReadMemory at 0x74240000 of 64 bytes failed: 仅完成部分的 ReadProcessMemory 或 WriteProcessMemory 请求。 (0x12B)
[1103/135428:WARNING:pe_image_reader.cc(280)] could not read dos header from C:\WINDOWS\SYSTEM32\VERSION.dll
[1103/135428:ERROR:process_reader_win.cc(232)] ReadMemory at 0x76710000 of 64 bytes failed: 仅完成部分的 ReadProcessMemory 或 WriteProcessMemory 请求。 (0x12B)
[1103/135428:WARNING:pe_image_reader.cc(280)] could not read dos header from C:\WINDOWS\System32\powrprof.dll
[1103/135428:ERROR:process_reader_win.cc(232)] ReadMemory at 0x763e0000 of 64 bytes failed: 仅完成部分的 ReadProcessMemory 或 WriteProcessMemory 请求。 (0x12B)
[1103/135428:WARNING:pe_image_reader.cc(280)] could not read dos header from C:\WINDOWS\System32\kernel.appcore.dll
[1103/135428:ERROR:process_reader_win.cc(232)] ReadMemory at 0x76b10000 of 64 bytes failed: 仅完成部分的 ReadProcessMemory 或 WriteProcessMemory 请求。 (0x12B)
[1103/135428:WARNING:pe_image_reader.cc(280)] could not read dos header from C:\WINDOWS\System32\shcore.dll
[1103/135428:ERROR:process_reader_win.cc(232)] ReadMemory at 0x74840000 of 64 bytes failed: 仅完成部分的 ReadProcessMemory 或 WriteProcessMemory 请求。 (0x12B)
[1103/135428:WARNING:pe_image_reader.cc(280)] could not read dos header from C:\WINDOWS\System32\profapi.dll
[1103/135428:ERROR:process_reader_win.cc(232)] ReadMemory at 0x77080000 of 64 bytes failed: 仅完成部分的 ReadProcessMemory 或 WriteProcessMemory 请求。 (0x12B)
[1103/135428:WARNING:pe_image_reader.cc(280)] could not read dos header from C:\WINDOWS\System32\windows.storage.dll
[1103/135428:ERROR:process_reader_win.cc(232)] ReadMemory at 0x74ea0000 of 64 bytes failed: 仅完成部分的 ReadProcessMemory 或 WriteProcessMemory 请求。 (0x12B)
[1103/135428:WARNING:pe_image_reader.cc(280)] could not read dos header from C:\WINDOWS\System32\SHELL32.dll
[1103/135428:ERROR:process_reader_win.cc(232)] ReadMemory at 0x74260000 of 64 bytes failed: 仅完成部分的 ReadProcessMemory 或 WriteProcessMemory 请求。 (0x12B)
[1103/135428:WARNING:pe_image_reader.cc(280)] could not read dos header from C:\WINDOWS\SYSTEM32\USERENV.dll
[1103/135428:ERROR:process_reader_win.cc(232)] ReadMemory at 0x6e1f0000 of 64 bytes failed: 仅完成部分的 ReadProcessMemory 或 WriteProcessMemory 请求。 (0x12B)
[1103/135428:WARNING:pe_image_reader.cc(280)] could not read dos header from C:\WINDOWS\SYSTEM32\dwmapi.dll
[1103/135428:ERROR:process_reader_win.cc(232)] ReadMemory at 0x72470000 of 64 bytes failed: 仅完成部分的 ReadProcessMemory 或 WriteProcessMemory 请求。 (0x12B)
[1103/135428:WARNING:pe_image_reader.cc(280)] could not read dos header from C:\WINDOWS\SYSTEM32\iertutil.dll
[1103/135428:ERROR:process_reader_win.cc(232)] ReadMemory at 0x70fd0000 of 64 bytes failed: 仅完成部分的 ReadProcessMemory 或 WriteProcessMemory 请求。 (0x12B)
[1103/135428:WARNING:pe_image_reader.cc(280)] could not read dos header from C:\WINDOWS\SYSTEM32\urlmon.dll
[1103/135428:ERROR:process_reader_win.cc(232)] ReadMemory at 0x727c0000 of 64 bytes failed: 仅完成部分的 ReadProcessMemory 或 WriteProcessMemory 请求。 (0x12B)
[1103/135428:WARNING:pe_image_reader.cc(280)] could not read dos header from C:\WINDOWS\SYSTEM32\bcrypt.dll
[1103/135428:ERROR:process_reader_win.cc(232)] ReadMemory at 0x71880000 of 64 bytes failed: 仅完成部分的 ReadProcessMemory 或 WriteProcessMemory 请求。 (0x12B)
[1103/135428:WARNING:pe_image_reader.cc(280)] could not read dos header from C:\WINDOWS\SYSTEM32\WINSPOOL.DRV
[1103/135428:ERROR:process_reader_win.cc(232)] ReadMemory at 0x71850000 of 64 bytes failed: 仅完成部分的 ReadProcessMemory 或 WriteProcessMemory 请求。 (0x12B)
[1103/135428:WARNING:pe_image_reader.cc(280)] could not read dos header from C:\WINDOWS\SYSTEM32\MPR.dll
[1103/135428:ERROR:process_reader_win.cc(232)] ReadMemory at 0x70ce0000 of 64 bytes failed: 仅完成部分的 ReadProcessMemory 或 WriteProcessMemory 请求。 (0x12B)
[1103/135428:WARNING:pe_image_reader.cc(280)] could not read dos header from C:\Program Files (x86)\Google\Chrome\Application\51.0.2704.106\chrome_elf.dll
[1103/135428:ERROR:process_reader_win.cc(232)] ReadMemory at 0x74250000 of 64 bytes failed: 仅完成部分的 ReadProcessMemory 或 WriteProcessMemory 请求。 (0x12B)
[1103/135428:WARNING:pe_image_reader.cc(280)] could not read dos header from C:\WINDOWS\SYSTEM32\WTSAPI32.dll
[1103/135428:ERROR:process_reader_win.cc(232)] ReadMemory at 0x72380000 of 64 bytes failed: 仅完成部分的 ReadProcessMemory 或 WriteProcessMemory 请求。 (0x12B)
[1103/135428:WARNING:pe_image_reader.cc(280)] could not read dos header from C:\WINDOWS\SYSTEM32\WINHTTP.dll
[1103/135428:ERROR:process_reader_win.cc(232)] ReadMemory at 0x70c90000 of 64 bytes failed: 仅完成部分的 ReadProcessMemory 或 WriteProcessMemory 请求。 (0x12B)
[1103/135428:WARNING:pe_image_reader.cc(280)] could not read dos header from C:\WINDOWS\SYSTEM32\ninput.dll
[1103/135428:ERROR:process_reader_win.cc(232)] ReadMemory at 0x76d70000 of 64 bytes failed: 仅完成部分的 ReadProcessMemory 或 WriteProcessMemory 请求。 (0x12B)
[1103/135428:WARNING:pe_image_reader.cc(280)] could not read dos header from C:\WINDOWS\System32\PSAPI.DLL
[1103/135428:ERROR:process_reader_win.cc(232)] ReadMemory at 0x77670000 of 64 bytes failed: 仅完成部分的 ReadProcessMemory 或 WriteProcessMemory 请求。 (0x12B)
[1103/135428:WARNING:pe_image_reader.cc(280)] could not read dos header from C:\WINDOWS\System32\WS2_32.dll
[1103/135428:ERROR:process_reader_win.cc(232)] ReadMemory at 0x74130000 of 64 bytes failed: 仅完成部分的 ReadProcessMemory 或 WriteProcessMemory 请求。 (0x12B)
[1103/135428:WARNING:pe_image_reader.cc(280)] could not read dos header from C:\WINDOWS\SYSTEM32\NETAPI32.dll
[1103/135428:ERROR:process_reader_win.cc(232)] ReadMemory at 0x73d60000 of 64 bytes failed: 仅完成部分的 ReadProcessMemory 或 WriteProcessMemory 请求。 (0x12B)
[1103/135428:WARNING:pe_image_reader.cc(280)] could not read dos header from C:\WINDOWS\SYSTEM32\NETUTILS.DLL
[1103/135428:ERROR:process_reader_win.cc(232)] ReadMemory at 0x727e0000 of 64 bytes failed: 仅完成部分的 ReadProcessMemory 或 WriteProcessMemory 请求。 (0x12B)
[1103/135428:WARNING:pe_image_reader.cc(280)] could not read dos header from C:\WINDOWS\SYSTEM32\WKSCLI.DLL
[1103/135428:ERROR:process_reader_win.cc(232)] ReadMemory at 0x5f5e0000 of 64 bytes failed: 仅完成部分的 ReadProcessMemory 或 WriteProcessMemory 请求。 (0x12B)
[1103/135428:WARNING:pe_image_reader.cc(280)] could not read dos header from D:\Program Files (x86)\360\360safe\safemon\safemon.dll
[1103/135428:ERROR:process_reader_win.cc(232)] ReadMemory at 0x70c50000 of 64 bytes failed: 仅完成部分的 ReadProcessMemory 或 WriteProcessMemory 请求。 (0x12B)
[1103/135428:WARNING:pe_image_reader.cc(280)] could not read dos header from D:\Program Files (x86)\360\360safe\safemon\iNetSafe.dll
[1103/135428:ERROR:process_reader_win.cc(232)] ReadMemory at 0x713f0000 of 64 bytes failed: 仅完成部分的 ReadProcessMemory 或 WriteProcessMemory 请求。 (0x12B)
[1103/135428:WARNING:pe_image_reader.cc(280)] could not read dos header from C:\WINDOWS\WinSxS\x86_microsoft.windows.common-controls_6595b64144ccf1df_6.0.14393.351_none_89c04962db040fd9\COMCTL32.dll
[1103/135428:ERROR:process_reader_win.cc(232)] ReadMemory at 0x76ba0000 of 64 bytes failed: 仅完成部分的 ReadProcessMemory 或 WriteProcessMemory 请求。 (0x12B)
[1103/135428:WARNING:pe_image_reader.cc(280)] could not read dos header from C:\WINDOWS\System32\COMDLG32.dll
[1103/135428:ERROR:process_reader_win.cc(232)] ReadMemory at 0x74060000 of 64 bytes failed: 仅完成部分的 ReadProcessMemory 或 WriteProcessMemory 请求。 (0x12B)
[1103/135428:WARNING:pe_image_reader.cc(280)] could not read dos header from C:\WINDOWS\SYSTEM32\IPHLPAPI.DLL
[1103/135428:ERROR:process_reader_win.cc(232)] ReadMemory at 0x74600000 of 64 bytes failed: 仅完成部分的 ReadProcessMemory 或 WriteProcessMemory 请求。 (0x12B)
[1103/135428:WARNING:pe_image_reader.cc(280)] could not read dos header from C:\WINDOWS\System32\USP10.dll
[1103/135428:ERROR:process_reader_win.cc(232)] ReadMemory at 0x743e0000 of 64 bytes failed: 仅完成部分的 ReadProcessMemory 或 WriteProcessMemory 请求。 (0x12B)
[1103/135428:WARNING:pe_image_reader.cc(280)] could not read dos header from C:\WINDOWS\System32\MSASN1.dll
[1103/135428:ERROR:process_reader_win.cc(232)] ReadMemory at 0x76d80000 of 64 bytes failed: 仅完成部分的 ReadProcessMemory 或 WriteProcessMemory 请求。 (0x12B)
[1103/135428:WARNING:pe_image_reader.cc(280)] could not read dos header from C:\WINDOWS\System32\CRYPT32.dll
[1103/135428:ERROR:process_reader_win.cc(232)] ReadMemory at 0x749c0000 of 64 bytes failed: 仅完成部分的 ReadProcessMemory 或 WriteProcessMemory 请求。 (0x12B)
[1103/135428:WARNING:pe_image_reader.cc(280)] could not read dos header from C:\WINDOWS\System32\WINTRUST.dll
[1103/135428:ERROR:process_reader_win.cc(232)] ReadMemory at 0x73d10000 of 64 bytes failed: 仅完成部分的 ReadProcessMemory 或 WriteProcessMemory 请求。 (0x12B)
[1103/135428:WARNING:pe_image_reader.cc(280)] could not read dos header from C:\WINDOWS\SYSTEM32\Secur32.dll
[1103/135428:ERROR:process_reader_win.cc(232)] ReadMemory at 0x5c4f0000 of 64 bytes failed: 仅完成部分的 ReadProcessMemory 或 WriteProcessMemory 请求。 (0x12B)
[1103/135428:WARNING:pe_image_reader.cc(280)] could not read dos header from C:\Program Files (x86)\Google\Chrome\Application\51.0.2704.106\chrome_child.dll
[1103/135428:ERROR:process_reader_win.cc(232)] ReadMemory at 0x70a10000 of 64 bytes failed: 仅完成部分的 ReadProcessMemory 或 WriteProcessMemory 请求。 (0x12B)
[1103/135428:WARNING:pe_image_reader.cc(280)] could not read dos header from C:\WINDOWS\SYSTEM32\dwrite.dll
[1103/135428:ERROR:process_reader_win.cc(232)] ReadMemory at 0xffc374 of 12 bytes failed: 仅完成部分的 ReadProcessMemory 或 WriteProcessMemory 请求。 (0x12B)
[1103/135428:WARNING:process_snapshot_win.cc(102)] ReadMemory ExceptionInformation failed
[1103/135428:WARNING:crash_report_exception_handler.cc(60)] ProcessSnapshotWin::InitializeException failed
[1103/135428:ERROR:scoped_process_suspend.cc(38)] NtResumeProcess, ntstatus=-1073741558
